<?xml version="1.0" encoding="UTF-8" ?>
<testsuites>
  <testsuite errors="0" failures="0" hostname="Sherrys-MacBook-Pro.local" id="0" name="EventControllerSpec" package="nbtest" tests="8" time="5.273" timestamp="2015-03-29T03:52:15">
      <properties />

      <testcase classname="nbtest.EventControllerSpec" name="Test submitting event with complete params" time="4.504" />

      <testcase classname="nbtest.EventControllerSpec" name="Test submitting event with noncomplete params" time="0.081" />

      <testcase classname="nbtest.EventControllerSpec" name="Test submitting event with wrong params" time="0.114" />

      <testcase classname="nbtest.EventControllerSpec" name="Test getting events with from date and to date" time="0.219" />

      <testcase classname="nbtest.EventControllerSpec" name="Test getting events with from date comes after to date" time="0.079" />

      <testcase classname="nbtest.EventControllerSpec" name="Test getting summary" time="0.115" />

      <testcase classname="nbtest.EventControllerSpec" name="Test getting summary with from date comes after to date" time="0.068" />

      <testcase classname="nbtest.EventControllerSpec" name="Test getting summary without time frame" time="0.066" />

      <system-out><![CDATA[--Output from Test submitting event with complete params--
event params -> [date:2014-02-28T13:00:00Z, user:Test1, type:comment, message:This is a test message]
--Output from Test submitting event with noncomplete params--
event params -> [user:Test1, type:comment, message:This is a test message]
--Output from Test submitting event with wrong params--
event params -> [date:2014-02-28T13:00:00Z, user:Test, type:comment, message:This is a test message]
--Output from Test getting events with from date and to date--
[Fri Feb 28 13:00:00 PST 2014, Fri Feb 28 13:01:00 PST 2014, Fri Feb 28 13:02:00 PST 2014, Fri Feb 28 13:03:00 PST 2014, Fri Feb 28 14:00:00 PST 2014, Fri Feb 28 14:01:00 PST 2014, Fri Feb 28 14:01:00 PST 2014, Mon Mar 03 13:00:00 PST 2014, Mon Mar 03 13:01:00 PST 2014, Mon Mar 03 13:02:00 PST 2014, Mon Mar 03 13:03:00 PST 2014, Mon Mar 03 14:00:00 PST 2014, Mon Mar 03 14:01:00 PST 2014, Mon Mar 03 14:01:00 PST 2014]
[[type:enter, date:Fri Feb 28 13:00:00 PST 2014, user:Test1], [type:enter, date:Fri Feb 28 13:01:00 PST 2014, user:Test2], [message:Hi there!, type:comment, date:Fri Feb 28 13:02:00 PST 2014, user:Test1], [message:Hello!, type:comment, date:Fri Feb 28 13:03:00 PST 2014, user:Test2], [otheruser:Test2, type:highfive, date:Fri Feb 28 14:00:00 PST 2014, user:Test1], [type:leave, date:Fri Feb 28 14:01:00 PST 2014, user:Test1], [type:leave, date:Fri Feb 28 14:01:00 PST 2014, user:Test2]]
--Output from Test getting events with from date comes after to date--
--Output from Test getting summary--
[[highfives:1, enters:2, rolledUpDate:Fri Feb 28 13:00:00 PST 2014, leaves:0, comments:2], [highfives:1, enters:0, rolledUpDate:Fri Feb 28 14:00:00 PST 2014, leaves:2, comments:0]]
--Output from Test getting summary with from date comes after to date--
--Output from Test getting summary without time frame--
]]></system-out>

      <system-err><![CDATA[--Output from Test submitting event with complete params--
--Output from Test submitting event with noncomplete params--
--Output from Test submitting event with wrong params--
--Output from Test getting events with from date and to date--
--Output from Test getting events with from date comes after to date--
--Output from Test getting summary--
--Output from Test getting summary with from date comes after to date--
--Output from Test getting summary without time frame--
]]></system-err>

  </testsuite>
</testsuites>
